2024-09-16 00:14:46 INFO  Utils:112 - [TestNG] Running:
  C:\Users\miahm\eclipse-workspace\opencart_cucumber\HybridFrameworkProject2\E2E.xml

2024-09-16 00:14:51 INFO  TC_003_E2ETest:23 - ***E2E test has started...
2024-09-16 00:14:51 INFO  TC_003_E2ETest:27 - ***E2E verify has started from Home page...
2024-09-16 00:14:52 INFO  TC_003_E2ETest:32 - ***clickOn SignupBtn in Home page...
2024-09-16 00:14:54 INFO  TC_003_E2ETest:34 - ***fillout Signup page...
2024-09-16 00:14:56 INFO  TC_003_E2ETest:52 - ***Click on Create account page...
2024-09-16 00:14:57 INFO  TC_003_E2ETest:54 - ***verifying expected Mgs...
2024-09-16 00:14:58 INFO  TC_003_E2ETest:57 - ***Product page...
2024-09-16 00:14:59 INFO  TC_003_E2ETest:60 - ***Product search ...
2024-09-16 00:15:04 INFO  TC_003_E2ETest:65 - ***Product details page...
2024-09-16 00:15:08 INFO  TC_003_E2ETest:74 - ***Product Cart page...
2024-09-16 00:15:08 INFO  TC_003_E2ETest:78 - ***verifying expected Price...
2024-09-16 00:15:09 INFO  TC_003_E2ETest:81 - ***verifying total price in checkout page...
2024-09-16 00:15:12 INFO  TC_003_E2ETest:87 - ***verifying Payment page...
2024-09-16 00:15:18 INFO  TC_003_E2ETest:98 - ***verifying Order congratulations page...
2024-09-16 00:15:18 INFO  TC_003_E2ETest:113 - ***TC_003_E2E test has finished...
2024-09-16 00:16:49 INFO  Utils:112 - [TestNG] Running:
  C:\Users\miahm\eclipse-workspace\opencart_cucumber\HybridFrameworkProject2\crossbrowsertesting.xml

2024-09-16 00:16:59 INFO  TC_003_E2ETest:23 - ***E2E test has started...
2024-09-16 00:16:59 INFO  TC_003_E2ETest:27 - ***E2E verify has started from Home page...
2024-09-16 00:17:04 INFO  TC_003_E2ETest:23 - ***E2E test has started...
2024-09-16 00:17:04 INFO  TC_003_E2ETest:27 - ***E2E verify has started from Home page...
2024-09-16 00:17:05 INFO  TC_003_E2ETest:23 - ***E2E test has started...
2024-09-16 00:17:05 INFO  TC_003_E2ETest:27 - ***E2E verify has started from Home page...
2024-09-16 00:17:09 ERROR TC_003_E2ETest:106 - Test is failedThe element with the reference 03815d46-f365-472b-828f-67692f23f62d is stale; either its node document is not the active document, or it is no longer connected to the DOM
For documentation on this error, please visit: https://www.selenium.dev/documentation/webdriver/troubleshooting/errors#stale-element-reference-exception
Build info: version: '4.19.1', revision: 'abe0ee07dc'
System info: os.name: 'Windows 10', os.arch: 'amd64', os.version: '10.0', java.version: '21.0.2'
Driver info: org.openqa.selenium.firefox.FirefoxDriver
Command: [d58358eb-b315-40a9-8ab7-e2dabbeaa324, clickElement {id=03815d46-f365-472b-828f-67692f23f62d}]
Capabilities {acceptInsecureCerts: true, browserName: firefox, browserVersion: 130.0, moz:accessibilityChecks: false, moz:buildID: 20240829075237, moz:geckodriverVersion: 0.35.0, moz:headless: false, moz:platformVersion: 10.0, moz:processID: 13348, moz:profile: C:\Users\miahm\AppData\Loca..., moz:shutdownTimeout: 60000, moz:webdriverClick: true, moz:windowless: false, pageLoadStrategy: normal, platformName: windows, proxy: Proxy(), setWindowRect: true, strictFileInteractability: false, timeouts: {implicit: 0, pageLoad: 300000, script: 30000}, unhandledPromptBehavior: dismiss and notify, userAgent: Mozilla/5.0 (Windows NT 10....}
Element: [[FirefoxDriver: firefox on windows (d58358eb-b315-40a9-8ab7-e2dabbeaa324)] -> xpath: //a[normalize-space()='Signup / Login']]
Session ID: d58358eb-b315-40a9-8ab7-e2dabbeaa324
2024-09-16 00:17:09 INFO  TC_003_E2ETest:113 - ***TC_003_E2E test has finished...
2024-09-16 00:17:12 ERROR TC_003_E2ETest:106 - Test is failedTried to run command without establishing a connection
Build info: version: '4.19.1', revision: 'abe0ee07dc'
System info: os.name: 'Windows 10', os.arch: 'amd64', os.version: '10.0', java.version: '21.0.2'
Driver info: org.openqa.selenium.firefox.FirefoxDriver
Command: [d58358eb-b315-40a9-8ab7-e2dabbeaa324, sendKeysToElement {id=13f44af2-fc5a-4051-8b7a-50bd63f4ba95, value=[Ljava.lang.CharSequence;@d1bbe48}]
Capabilities {acceptInsecureCerts: true, browserName: firefox, browserVersion: 130.0, moz:accessibilityChecks: false, moz:buildID: 20240829075237, moz:geckodriverVersion: 0.35.0, moz:headless: false, moz:platformVersion: 10.0, moz:processID: 13348, moz:profile: C:\Users\miahm\AppData\Loca..., moz:shutdownTimeout: 60000, moz:webdriverClick: true, moz:windowless: false, pageLoadStrategy: normal, platformName: windows, proxy: Proxy(), setWindowRect: true, strictFileInteractability: false, timeouts: {implicit: 0, pageLoad: 300000, script: 30000}, unhandledPromptBehavior: dismiss and notify, userAgent: Mozilla/5.0 (Windows NT 10....}
Element: [[FirefoxDriver: firefox on windows (d58358eb-b315-40a9-8ab7-e2dabbeaa324)] -> xpath: (//input[@name='email'])[2]]
Session ID: d58358eb-b315-40a9-8ab7-e2dabbeaa324
2024-09-16 00:17:12 INFO  TC_003_E2ETest:113 - ***TC_003_E2E test has finished...
2024-09-16 00:17:12 ERROR TC_003_E2ETest:106 - Test is failedTried to run command without establishing a connection
Build info: version: '4.19.1', revision: 'abe0ee07dc'
System info: os.name: 'Windows 10', os.arch: 'amd64', os.version: '10.0', java.version: '21.0.2'
Driver info: org.openqa.selenium.firefox.FirefoxDriver
Command: [d58358eb-b315-40a9-8ab7-e2dabbeaa324, sendKeysToElement {id=8356582b-a990-4e69-9765-35c34b41182d, value=[Ljava.lang.CharSequence;@3151ecc6}]
Capabilities {acceptInsecureCerts: true, browserName: firefox, browserVersion: 130.0, moz:accessibilityChecks: false, moz:buildID: 20240829075237, moz:geckodriverVersion: 0.35.0, moz:headless: false, moz:platformVersion: 10.0, moz:processID: 13348, moz:profile: C:\Users\miahm\AppData\Loca..., moz:shutdownTimeout: 60000, moz:webdriverClick: true, moz:windowless: false, pageLoadStrategy: normal, platformName: windows, proxy: Proxy(), setWindowRect: true, strictFileInteractability: false, timeouts: {implicit: 0, pageLoad: 300000, script: 30000}, unhandledPromptBehavior: dismiss and notify, userAgent: Mozilla/5.0 (Windows NT 10....}
Element: [[FirefoxDriver: firefox on windows (d58358eb-b315-40a9-8ab7-e2dabbeaa324)] -> xpath: //input[@name='name']]
Session ID: d58358eb-b315-40a9-8ab7-e2dabbeaa324
2024-09-16 00:17:12 INFO  TC_003_E2ETest:113 - ***TC_003_E2E test has finished...
2024-09-16 00:18:12 INFO  Utils:112 - [TestNG] Running:
  C:\Users\miahm\eclipse-workspace\opencart_cucumber\HybridFrameworkProject2\crossbrowsertesting.xml

2024-09-16 00:18:18 INFO  TC_003_E2ETest:23 - ***E2E test has started...
2024-09-16 00:18:18 INFO  TC_003_E2ETest:27 - ***E2E verify has started from Home page...
2024-09-16 00:18:24 INFO  TC_003_E2ETest:32 - ***clickOn SignupBtn in Home page...
2024-09-16 00:18:25 INFO  TC_003_E2ETest:34 - ***fillout Signup page...
2024-09-16 00:18:28 INFO  TC_003_E2ETest:23 - ***E2E test has started...
2024-09-16 00:18:28 INFO  TC_003_E2ETest:27 - ***E2E verify has started from Home page...
2024-09-16 00:18:38 INFO  TC_003_E2ETest:23 - ***E2E test has started...
2024-09-16 00:18:38 INFO  TC_003_E2ETest:27 - ***E2E verify has started from Home page...
2024-09-16 00:18:38 ERROR TC_003_E2ETest:106 - Test is failedUnable to locate element: //input[@id='id_gender1']
For documentation on this error, please visit: https://www.selenium.dev/documentation/webdriver/troubleshooting/errors#no-such-element-exception
Build info: version: '4.19.1', revision: 'abe0ee07dc'
System info: os.name: 'Windows 10', os.arch: 'amd64', os.version: '10.0', java.version: '21.0.2'
Driver info: org.openqa.selenium.firefox.FirefoxDriver
Command: [7150578d-2c16-48ea-8ac5-c6903d6ea0e3, findElement {value=//input[@id='id_gender1'], using=xpath}]
Capabilities {acceptInsecureCerts: true, browserName: firefox, browserVersion: 130.0, moz:accessibilityChecks: false, moz:buildID: 20240829075237, moz:geckodriverVersion: 0.35.0, moz:headless: false, moz:platformVersion: 10.0, moz:processID: 23264, moz:profile: C:\Users\miahm\AppData\Loca..., moz:shutdownTimeout: 60000, moz:webdriverClick: true, moz:windowless: false, pageLoadStrategy: normal, platformName: windows, proxy: Proxy(), setWindowRect: true, strictFileInteractability: false, timeouts: {implicit: 0, pageLoad: 300000, script: 30000}, unhandledPromptBehavior: dismiss and notify, userAgent: Mozilla/5.0 (Windows NT 10....}
Session ID: 7150578d-2c16-48ea-8ac5-c6903d6ea0e3
2024-09-16 00:18:38 INFO  TC_003_E2ETest:113 - ***TC_003_E2E test has finished...
2024-09-16 00:18:42 ERROR TC_003_E2ETest:106 - Test is failedThe element with the reference d24ed9dc-4f32-4a78-8ddf-8de7b7e42597 is stale; either its node document is not the active document, or it is no longer connected to the DOM
For documentation on this error, please visit: https://www.selenium.dev/documentation/webdriver/troubleshooting/errors#stale-element-reference-exception
Build info: version: '4.19.1', revision: 'abe0ee07dc'
System info: os.name: 'Windows 10', os.arch: 'amd64', os.version: '10.0', java.version: '21.0.2'
Driver info: org.openqa.selenium.firefox.FirefoxDriver
Command: [7150578d-2c16-48ea-8ac5-c6903d6ea0e3, clickElement {id=d24ed9dc-4f32-4a78-8ddf-8de7b7e42597}]
Capabilities {acceptInsecureCerts: true, browserName: firefox, browserVersion: 130.0, moz:accessibilityChecks: false, moz:buildID: 20240829075237, moz:geckodriverVersion: 0.35.0, moz:headless: false, moz:platformVersion: 10.0, moz:processID: 23264, moz:profile: C:\Users\miahm\AppData\Loca..., moz:shutdownTimeout: 60000, moz:webdriverClick: true, moz:windowless: false, pageLoadStrategy: normal, platformName: windows, proxy: Proxy(), setWindowRect: true, strictFileInteractability: false, timeouts: {implicit: 0, pageLoad: 300000, script: 30000}, unhandledPromptBehavior: dismiss and notify, userAgent: Mozilla/5.0 (Windows NT 10....}
Element: [[FirefoxDriver: firefox on windows (7150578d-2c16-48ea-8ac5-c6903d6ea0e3)] -> xpath: //a[normalize-space()='Signup / Login']]
Session ID: 7150578d-2c16-48ea-8ac5-c6903d6ea0e3
2024-09-16 00:18:42 INFO  TC_003_E2ETest:113 - ***TC_003_E2E test has finished...
2024-09-16 00:18:43 ERROR TC_003_E2ETest:106 - Test is failedTried to run command without establishing a connection
Build info: version: '4.19.1', revision: 'abe0ee07dc'
System info: os.name: 'Windows 10', os.arch: 'amd64', os.version: '10.0', java.version: '21.0.2'
Driver info: org.openqa.selenium.firefox.FirefoxDriver
Command: [7150578d-2c16-48ea-8ac5-c6903d6ea0e3, sendKeysToElement {value=[Ljava.lang.CharSequence;@216f97df, id=567462ea-4883-4050-8a88-c5f395173964}]
Capabilities {acceptInsecureCerts: true, browserName: firefox, browserVersion: 130.0, moz:accessibilityChecks: false, moz:buildID: 20240829075237, moz:geckodriverVersion: 0.35.0, moz:headless: false, moz:platformVersion: 10.0, moz:processID: 23264, moz:profile: C:\Users\miahm\AppData\Loca..., moz:shutdownTimeout: 60000, moz:webdriverClick: true, moz:windowless: false, pageLoadStrategy: normal, platformName: windows, proxy: Proxy(), setWindowRect: true, strictFileInteractability: false, timeouts: {implicit: 0, pageLoad: 300000, script: 30000}, unhandledPromptBehavior: dismiss and notify, userAgent: Mozilla/5.0 (Windows NT 10....}
Element: [[FirefoxDriver: firefox on windows (7150578d-2c16-48ea-8ac5-c6903d6ea0e3)] -> xpath: //input[@name='name']]
Session ID: 7150578d-2c16-48ea-8ac5-c6903d6ea0e3
2024-09-16 00:18:43 INFO  TC_003_E2ETest:113 - ***TC_003_E2E test has finished...
2024-09-16 00:19:56 INFO  Utils:112 - [TestNG] Running:
  C:\Users\miahm\eclipse-workspace\opencart_cucumber\HybridFrameworkProject2\crossbrowsertesting.xml

2024-09-16 00:20:03 INFO  TC_003_E2ETest:23 - ***E2E test has started...
2024-09-16 00:20:03 INFO  TC_003_E2ETest:27 - ***E2E verify has started from Home page...
2024-09-16 00:20:06 INFO  TC_003_E2ETest:23 - ***E2E test has started...
2024-09-16 00:20:06 INFO  TC_003_E2ETest:27 - ***E2E verify has started from Home page...
2024-09-16 00:20:14 INFO  TC_003_E2ETest:23 - ***E2E test has started...
2024-09-16 00:20:14 INFO  TC_003_E2ETest:27 - ***E2E verify has started from Home page...
2024-09-16 00:20:15 ERROR TC_003_E2ETest:106 - Test is failedstale element reference: stale element not found
  (Session info: MicrosoftEdge=128.0.2739.79)
For documentation on this error, please visit: https://www.selenium.dev/documentation/webdriver/troubleshooting/errors#stale-element-reference-exception
Build info: version: '4.19.1', revision: 'abe0ee07dc'
System info: os.name: 'Windows 10', os.arch: 'amd64', os.version: '10.0', java.version: '21.0.2'
Driver info: org.openqa.selenium.edge.EdgeDriver
Command: [8f19444e07cfbdbd3b93bc7a55b6e6a2, sendKeysToElement {id=f.AB801C6837CC13248C3BB86C2A3F80E0.d.E20454CA0B3A7668A19B2418A6C8454D.e.59, value=[Ljava.lang.CharSequence;@5baa94fd}]
Capabilities {acceptInsecureCerts: false, browserName: MicrosoftEdge, browserVersion: 128.0.2739.79, fedcm:accounts: true, ms:edgeOptions: {debuggerAddress: localhost:63799}, msedge: {msedgedriverVersion: 128.0.2739.79 (9fa544bdb74f..., userDataDir: C:\Users\miahm\AppData\Loca...}, networkConnectionEnabled: false, pageLoadStrategy: normal, platformName: windows, proxy: Proxy(), se:cdp: ws://localhost:63799/devtoo..., se:cdpVersion: 128.0.2739.79, setWindowRect: true, strictFileInteractability: false, timeouts: {implicit: 0, pageLoad: 300000, script: 30000}, unhandledPromptBehavior: dismiss and notify, webauthn:extension:credBlob: true, webauthn:extension:largeBlob: true, webauthn:extension:minPinLength: true, webauthn:extension:prf: true, webauthn:virtualAuthenticators: true}
Element: [[EdgeDriver: MicrosoftEdge on windows (8f19444e07cfbdbd3b93bc7a55b6e6a2)] -> xpath: //input[@name='name']]
Session ID: 8f19444e07cfbdbd3b93bc7a55b6e6a2
2024-09-16 00:20:15 INFO  TC_003_E2ETest:113 - ***TC_003_E2E test has finished...
2024-09-16 00:20:16 INFO  TC_003_E2ETest:32 - ***clickOn SignupBtn in Home page...
2024-09-16 00:20:18 INFO  TC_003_E2ETest:34 - ***fillout Signup page...
2024-09-16 00:20:31 ERROR TC_003_E2ETest:106 - Test is failedUnable to locate element: //input[@id='id_gender1']
For documentation on this error, please visit: https://www.selenium.dev/documentation/webdriver/troubleshooting/errors#no-such-element-exception
Build info: version: '4.19.1', revision: 'abe0ee07dc'
System info: os.name: 'Windows 10', os.arch: 'amd64', os.version: '10.0', java.version: '21.0.2'
Driver info: org.openqa.selenium.firefox.FirefoxDriver
Command: [d278be93-04eb-40be-9e7c-dfcfe3072a0b, findElement {value=//input[@id='id_gender1'], using=xpath}]
Capabilities {acceptInsecureCerts: true, browserName: firefox, browserVersion: 130.0, moz:accessibilityChecks: false, moz:buildID: 20240829075237, moz:geckodriverVersion: 0.35.0, moz:headless: false, moz:platformVersion: 10.0, moz:processID: 15896, moz:profile: C:\Users\miahm\AppData\Loca..., moz:shutdownTimeout: 60000, moz:webdriverClick: true, moz:windowless: false, pageLoadStrategy: normal, platformName: windows, proxy: Proxy(), setWindowRect: true, strictFileInteractability: false, timeouts: {implicit: 0, pageLoad: 300000, script: 30000}, unhandledPromptBehavior: dismiss and notify, userAgent: Mozilla/5.0 (Windows NT 10....}
Session ID: d278be93-04eb-40be-9e7c-dfcfe3072a0b
2024-09-16 00:20:31 INFO  TC_003_E2ETest:113 - ***TC_003_E2E test has finished...
2024-09-16 00:20:32 ERROR TC_003_E2ETest:106 - Test is failedTried to run command without establishing a connection
Build info: version: '4.19.1', revision: 'abe0ee07dc'
System info: os.name: 'Windows 10', os.arch: 'amd64', os.version: '10.0', java.version: '21.0.2'
Driver info: org.openqa.selenium.firefox.FirefoxDriver
Command: [d278be93-04eb-40be-9e7c-dfcfe3072a0b, sendKeysToElement {id=3bb5b52d-ac9d-4563-9dbb-2b8b176657bc, value=[Ljava.lang.CharSequence;@2ad7f63a}]
Capabilities {acceptInsecureCerts: true, browserName: firefox, browserVersion: 130.0, moz:accessibilityChecks: false, moz:buildID: 20240829075237, moz:geckodriverVersion: 0.35.0, moz:headless: false, moz:platformVersion: 10.0, moz:processID: 15896, moz:profile: C:\Users\miahm\AppData\Loca..., moz:shutdownTimeout: 60000, moz:webdriverClick: true, moz:windowless: false, pageLoadStrategy: normal, platformName: windows, proxy: Proxy(), setWindowRect: true, strictFileInteractability: false, timeouts: {implicit: 0, pageLoad: 300000, script: 30000}, unhandledPromptBehavior: dismiss and notify, userAgent: Mozilla/5.0 (Windows NT 10....}
Element: [[FirefoxDriver: firefox on windows (d278be93-04eb-40be-9e7c-dfcfe3072a0b)] -> xpath: //input[@name='name']]
Session ID: d278be93-04eb-40be-9e7c-dfcfe3072a0b
2024-09-16 00:20:32 INFO  TC_003_E2ETest:113 - ***TC_003_E2E test has finished...
